build/app/intermediates/manifest_merge_blame_file/release/manifest-merger-blame-release-report.txt
1<?xml version="1.0" encoding="utf-8"?>
2<manifest xmlns:android="http://schemas.android.com/apk/res/android"
3    package="com.example.darabalsadaa"
4    android:versionCode="1"
5    android:versionName="1.0.0" >
6
7    <uses-sdk
8        android:minSdkVersion="20"
8-->src\main\AndroidManifest.xml
9        android:targetSdkVersion="30" />
9-->src\main\AndroidManifest.xml
10
11    <uses-permission android:name="android.permission.INTERNET" />
11-->src\main\AndroidManifest.xml:3:5-66
11-->src\main\AndroidManifest.xml:3:22-64
12    <uses-permission android:name="android.permission.ACCESS_NETWORK_STATE" />
12-->[:connectivity] AndroidManifest.xml:7:5-79
12-->[:connectivity] AndroidManifest.xml:7:22-76
13    <uses-permission android:name="android.permission.ACCESS_WIFI_STATE" />
13-->[:wifi_info_flutter] AndroidManifest.xml:7:5-76
13-->[:wifi_info_flutter] AndroidManifest.xml:7:22-73
14    <uses-permission android:name="android.permission.CAMERA" /> <!-- Don't require camera, as this requires a rear camera. This allows it to work on the Nexus 7 -->
14-->[com.journeyapps:zxing-android-embedded:4.2.0] AndroidManifest.xml:22:5-65
14-->[com.journeyapps:zxing-android-embedded:4.2.0] AndroidManifest.xml:22:22-62
15    <uses-feature
15-->[com.journeyapps:zxing-android-embedded:4.2.0] AndroidManifest.xml:25:5-27:36
16        android:name="android.hardware.camera"
16-->[com.journeyapps:zxing-android-embedded:4.2.0] AndroidManifest.xml:26:9-47
17        android:required="false" />
17-->[com.journeyapps:zxing-android-embedded:4.2.0] AndroidManifest.xml:27:9-33
18    <uses-feature
18-->[com.journeyapps:zxing-android-embedded:4.2.0] AndroidManifest.xml:28:5-30:36
19        android:name="android.hardware.camera.front"
19-->[com.journeyapps:zxing-android-embedded:4.2.0] AndroidManifest.xml:29:9-53
20        android:required="false" /> <!-- TODO replace above two with next line after Android 4.2 -->
20-->[com.journeyapps:zxing-android-embedded:4.2.0] AndroidManifest.xml:30:9-33
21    <!-- <uses-feature android:name="android.hardware.camera.any"/> -->
22    <uses-feature
22-->[com.journeyapps:zxing-android-embedded:4.2.0] AndroidManifest.xml:33:5-35:36
23        android:name="android.hardware.camera.autofocus"
23-->[com.journeyapps:zxing-android-embedded:4.2.0] AndroidManifest.xml:34:9-57
24        android:required="false" />
24-->[com.journeyapps:zxing-android-embedded:4.2.0] AndroidManifest.xml:35:9-33
25    <uses-feature
25-->[com.journeyapps:zxing-android-embedded:4.2.0] AndroidManifest.xml:36:5-38:36
26        android:name="android.hardware.camera.flash"
26-->[com.journeyapps:zxing-android-embedded:4.2.0] AndroidManifest.xml:37:9-53
27        android:required="false" />
27-->[com.journeyapps:zxing-android-embedded:4.2.0] AndroidManifest.xml:38:9-33
28    <uses-feature
28-->[com.journeyapps:zxing-android-embedded:4.2.0] AndroidManifest.xml:39:5-41:36
29        android:name="android.hardware.screen.landscape"
29-->[com.journeyapps:zxing-android-embedded:4.2.0] AndroidManifest.xml:40:9-57
30        android:required="false" />
30-->[com.journeyapps:zxing-android-embedded:4.2.0] AndroidManifest.xml:41:9-33
31    <uses-feature
31-->[com.journeyapps:zxing-android-embedded:4.2.0] AndroidManifest.xml:42:5-44:36
32        android:name="android.hardware.wifi"
32-->[com.journeyapps:zxing-android-embedded:4.2.0] AndroidManifest.xml:43:9-45
33        android:required="false" />
33-->[com.journeyapps:zxing-android-embedded:4.2.0] AndroidManifest.xml:44:9-33
34
35    <application
35-->src\main\AndroidManifest.xml:4:4-41:19
36        android:name="androidx.multidex.MultiDexApplication"
37        android:appComponentFactory="androidx.core.app.CoreComponentFactory"
37-->[androidx.core:core:1.5.0] AndroidManifest.xml:24:18-86
38        android:icon="@mipmap/launcher_icon"
38-->src\main\AndroidManifest.xml:6:9-45
39        android:label="حاضر" >
39-->src\main\AndroidManifest.xml:5:9-29
40        <activity
40-->src\main\AndroidManifest.xml:7:9-35:20
41            android:name="com.example.darabalsadaa.MainActivity"
41-->src\main\AndroidManifest.xml:8:13-41
42            android:configChanges="orientation|keyboardHidden|keyboard|screenSize|smallestScreenSize|locale|layoutDirection|fontScale|screenLayout|density|uiMode"
42-->src\main\AndroidManifest.xml:11:13-163
43            android:hardwareAccelerated="true"
43-->src\main\AndroidManifest.xml:12:13-47
44            android:launchMode="singleTop"
44-->src\main\AndroidManifest.xml:9:13-43
45            android:theme="@style/LaunchTheme"
45-->src\main\AndroidManifest.xml:10:13-47
46            android:windowSoftInputMode="adjustResize" >
46-->src\main\AndroidManifest.xml:13:13-55
47
48            <!--
49                 Specifies an Android theme to apply to this Activity as soon as
50                 the Android process has started. This theme is visible to the user
51                 while the Flutter UI initializes. After that, this theme continues
52                 to determine the Window background behind the Flutter UI.
53            -->
54            <meta-data
54-->src\main\AndroidManifest.xml:18:13-21:17
55                android:name="io.flutter.embedding.android.NormalTheme"
55-->src\main\AndroidManifest.xml:19:15-70
56                android:resource="@style/NormalTheme" />
56-->src\main\AndroidManifest.xml:20:15-52
57            <!--
58                 Displays an Android View that continues showing the launch screen
59                 Drawable until Flutter paints its first frame, then this splash
60                 screen fades out. A splash screen is useful to avoid any visual
61                 gap between the end of Android's launch screen and the painting of
62                 Flutter's first frame.
63            -->
64            <meta-data
64-->src\main\AndroidManifest.xml:27:13-30:17
65                android:name="io.flutter.embedding.android.SplashScreenDrawable"
65-->src\main\AndroidManifest.xml:28:15-79
66                android:resource="@drawable/launch_background" />
66-->src\main\AndroidManifest.xml:29:15-61
67
68            <intent-filter>
68-->src\main\AndroidManifest.xml:31:13-34:29
69                <action android:name="android.intent.action.MAIN" />
69-->src\main\AndroidManifest.xml:32:17-68
69-->src\main\AndroidManifest.xml:32:25-66
70
71                <category android:name="android.intent.category.LAUNCHER" />
71-->src\main\AndroidManifest.xml:33:17-76
71-->src\main\AndroidManifest.xml:33:27-74
72            </intent-filter>
73        </activity>
74        <!--
75             Don't delete the meta-data below.
76             This is used by the Flutter tool to generate GeneratedPluginRegistrant.java
77        -->
78        <meta-data
78-->src\main\AndroidManifest.xml:38:9-40:33
79            android:name="flutterEmbedding"
79-->src\main\AndroidManifest.xml:39:13-44
80            android:value="2" />
80-->src\main\AndroidManifest.xml:40:13-30
81
82        <activity
82-->[com.journeyapps:zxing-android-embedded:4.2.0] AndroidManifest.xml:47:9-53:63
83            android:name="com.journeyapps.barcodescanner.CaptureActivity"
83-->[com.journeyapps:zxing-android-embedded:4.2.0] AndroidManifest.xml:48:13-74
84            android:clearTaskOnLaunch="true"
84-->[com.journeyapps:zxing-android-embedded:4.2.0] AndroidManifest.xml:49:13-45
85            android:screenOrientation="sensorLandscape"
85-->[com.journeyapps:zxing-android-embedded:4.2.0] AndroidManifest.xml:50:13-56
86            android:stateNotNeeded="true"
86-->[com.journeyapps:zxing-android-embedded:4.2.0] AndroidManifest.xml:51:13-42
87            android:theme="@style/zxing_CaptureTheme"
87-->[com.journeyapps:zxing-android-embedded:4.2.0] AndroidManifest.xml:52:13-54
88            android:windowSoftInputMode="stateAlwaysHidden" />
88-->[com.journeyapps:zxing-android-embedded:4.2.0] AndroidManifest.xml:53:13-60
89    </application>
90
91</manifest>